<?xml version="1.0" encoding="UTF-8"?>
<!-- Generated by org.testng.reporters.JUnitXMLReporter -->
<testsuite ignored="0" hostname="DESKTOP-JV6CSL3" failures="1" tests="4" name="Chrome Test" time="10.819" errors="0" timestamp="2022-08-06T15:45:32 IST">
  <testcase classname="com.saucedeom.testclass.TC001Verifyloginfunctionality" name="loginFuntionality" time="0.52"/>
  <testcase classname="com.saucedeom.testclass.TC003VerifysingleBag" name="bagProductAddTOCartFunctionality" time="1.051"/>
  <testcase classname="com.saucedeom.testclass.TC002VerifyHomepage" name="logOutFunctionality" time="0.899"/>
  <testcase classname="com.saucedeom.testclass.TC004VerifyMultipleProduct" name="mutipleProductAddToCartFunctionality" time="1.272">
    <failure type="java.lang.AssertionError" message="expected [5] but found [6]">
      <![CDATA[java.lang.AssertionError: expected [5] but found [6]
at com.saucedeom.testclass.TC004VerifyMultipleProduct.mutipleProductAddToCartFunctionality(TC004VerifyMultipleProduct.java:22)
at java.base/java.util.concurrent.ThreadPoolExecutor.runWorker(ThreadPoolExecutor.java:1136)
at java.base/java.util.concurrent.ThreadPoolExecutor$Worker.run(ThreadPoolExecutor.java:635)
at java.base/java.lang.Thread.run(Thread.java:833)
... Removed 16 stack frames]]>
    </failure>
  </testcase> <!-- mutipleProductAddToCartFunctionality -->
</testsuite> <!-- Chrome Test -->
