<?xml version="1.0" encoding="UTF-8"?>
<!-- Generated by org.testng.reporters.JUnitXMLReporter -->
<testsuite ignored="0" hostname="DESKTOP-JV6CSL3" failures="1" tests="4" name="Test" time="26.132" errors="0" timestamp="2022-08-06T18:31:14 IST">
  <testcase classname="com.saucedeom.testclass.TC003VerifysingleBag" name="bagProductAddTOCartFunctionality" time="0.346"/>
  <testcase classname="com.saucedeom.testclass.TC001Verifyloginfunctionality" name="loginFuntionality" time="0.29"/>
  <testcase classname="com.saucedeom.testclass.TC002VerifyHomepage" name="logOutFunctionality" time="0.336"/>
  <testcase classname="com.saucedeom.testclass.TC004VerifyMultipleProduct" name="mutipleProductAddToCartFunctionality" time="0.539">
    <failure type="java.lang.AssertionError" message="expected [5] but found [6]">
      <![CDATA[java.lang.AssertionError: expected [5] but found [6]
at com.saucedeom.testclass.TC004VerifyMultipleProduct.mutipleProductAddToCartFunctionality(TC004VerifyMultipleProduct.java:22)
at java.base/java.util.ArrayList.forEach(ArrayList.java:1511)
... Removed 31 stack frames]]>
    </failure>
  </testcase> <!-- mutipleProductAddToCartFunctionality -->
</testsuite> <!-- Test -->
