<?xml version="1.0" encoding="UTF-8"?>
<testng-results ignored="0" total="4" passed="3" failed="1" skipped="0">
  <reporter-output>
  </reporter-output>
  <suite started-at="2022-08-06T18:30:48 IST" name="Suite" finished-at="2022-08-06T18:31:14 IST" duration-ms="26132">
    <groups>
    </groups>
    <test started-at="2022-08-06T18:30:48 IST" name="Test" finished-at="2022-08-06T18:31:14 IST" duration-ms="26132">
      <class name="com.saucedeom.testclass.TC004VerifyMultipleProduct">
        <test-method is-config="true" signature="setUP(java.lang.String)[pri:0, instance:com.saucedeom.testclass.TC004VerifyMultipleProduct@5e82df6a]" started-at="2022-08-06T18:31:08 IST" name="setUP" finished-at="2022-08-06T18:31:12 IST" duration-ms="4875" status="PASS">
          <params>
            <param index="0">
              <value>
                <![CDATA[chrome]]>
              </value>
            </param>
          </params>
          <reporter-output>
          </reporter-output>
        </test-method> <!-- setUP -->
        <test-method signature="mutipleProductAddToCartFunctionality()[pri:0, instance:com.saucedeom.testclass.TC004VerifyMultipleProduct@5e82df6a]" started-at="2022-08-06T18:31:12 IST" name="mutipleProductAddToCartFunctionality" finished-at="2022-08-06T18:31:13 IST" duration-ms="539" status="FAIL">
          <exception class="java.lang.AssertionError">
            <message>
              <![CDATA[expected [5] but found [6]]]>
            </message>
            <full-stacktrace>
              <![CDATA[java.lang.AssertionError: expected [5] but found [6]
at org.testng.Assert.fail(Assert.java:99)
at org.testng.Assert.failNotEquals(Assert.java:1037)
at org.testng.Assert.assertEqualsImpl(Assert.java:140)
at org.testng.Assert.assertEquals(Assert.java:122)
at org.testng.Assert.assertEquals(Assert.java:629)
at org.testng.Assert.assertEquals(Assert.java:639)
at com.saucedeom.testclass.TC004VerifyMultipleProduct.mutipleProductAddToCartFunctionality(TC004VerifyMultipleProduct.java:22)
at java.base/jdk.internal.reflect.DirectMethodHandleAccessor.invoke(DirectMethodHandleAccessor.java:104)
at java.base/java.lang.reflect.Method.invoke(Method.java:577)
at org.testng.internal.MethodInvocationHelper.invokeMethod(MethodInvocationHelper.java:133)
at org.testng.internal.TestInvoker.invokeMethod(TestInvoker.java:598)
at org.testng.internal.TestInvoker.invokeTestMethod(TestInvoker.java:173)
at org.testng.internal.MethodRunner.runInSequence(MethodRunner.java:46)
at org.testng.internal.TestInvoker$MethodInvocationAgent.invoke(TestInvoker.java:824)
at org.testng.internal.TestInvoker.invokeTestMethods(TestInvoker.java:146)
at org.testng.internal.TestMethodWorker.invokeTestMethods(TestMethodWorker.java:146)
at org.testng.internal.TestMethodWorker.run(TestMethodWorker.java:128)
at java.base/java.util.ArrayList.forEach(ArrayList.java:1511)
at org.testng.TestRunner.privateRun(TestRunner.java:794)
at org.testng.TestRunner.run(TestRunner.java:596)
at org.testng.SuiteRunner.runTest(SuiteRunner.java:377)
at org.testng.SuiteRunner.runSequentially(SuiteRunner.java:371)
at org.testng.SuiteRunner.privateRun(SuiteRunner.java:332)
at org.testng.SuiteRunner.run(SuiteRunner.java:276)
at org.testng.SuiteRunnerWorker.runSuite(SuiteRunnerWorker.java:53)
at org.testng.SuiteRunnerWorker.run(SuiteRunnerWorker.java:96)
at org.testng.TestNG.runSuitesSequentially(TestNG.java:1212)
at org.testng.TestNG.runSuitesLocally(TestNG.java:1134)
at org.testng.TestNG.runSuites(TestNG.java:1063)
at org.testng.TestNG.run(TestNG.java:1031)
at org.testng.remote.AbstractRemoteTestNG.run(AbstractRemoteTestNG.java:115)
at org.testng.remote.RemoteTestNG.initAndRun(RemoteTestNG.java:251)
at org.testng.remote.RemoteTestNG.main(RemoteTestNG.java:77)
]]>
            </full-stacktrace>
          </exception> <!-- java.lang.AssertionError -->
          <reporter-output>
          </reporter-output>
        </test-method> <!-- mutipleProductAddToCartFunctionality -->
        <test-method is-config="true" signature="tearDown()[pri:0, instance:com.saucedeom.testclass.TC004VerifyMultipleProduct@5e82df6a]" started-at="2022-08-06T18:31:13 IST" name="tearDown" finished-at="2022-08-06T18:31:14 IST" duration-ms="750" status="PASS">
          <reporter-output>
          </reporter-output>
        </test-method> <!-- tearDown -->
      </class> <!-- com.saucedeom.testclass.TC004VerifyMultipleProduct -->
      <class name="com.saucedeom.testclass.TC001Verifyloginfunctionality">
        <test-method is-config="true" signature="setUP(java.lang.String)[pri:0, instance:com.saucedeom.testclass.TC001Verifyloginfunctionality@1139b2f3]" started-at="2022-08-06T18:30:55 IST" name="setUP" finished-at="2022-08-06T18:31:00 IST" duration-ms="5335" status="PASS">
          <params>
            <param index="0">
              <value>
                <![CDATA[chrome]]>
              </value>
            </param>
          </params>
          <reporter-output>
          </reporter-output>
        </test-method> <!-- setUP -->
        <test-method signature="loginFuntionality()[pri:0, instance:com.saucedeom.testclass.TC001Verifyloginfunctionality@1139b2f3]" started-at="2022-08-06T18:31:00 IST" name="loginFuntionality" finished-at="2022-08-06T18:31:00 IST" duration-ms="290" status="PASS">
          <reporter-output>
          </reporter-output>
        </test-method> <!-- loginFuntionality -->
        <test-method is-config="true" signature="tearDown()[pri:0, instance:com.saucedeom.testclass.TC001Verifyloginfunctionality@1139b2f3]" started-at="2022-08-06T18:31:00 IST" name="tearDown" finished-at="2022-08-06T18:31:01 IST" duration-ms="629" status="PASS">
          <reporter-output>
          </reporter-output>
        </test-method> <!-- tearDown -->
      </class> <!-- com.saucedeom.testclass.TC001Verifyloginfunctionality -->
      <class name="com.saucedeom.testclass.TC002VerifyHomepage">
        <test-method is-config="true" signature="setUP(java.lang.String)[pri:0, instance:com.saucedeom.testclass.TC002VerifyHomepage@7a69b07]" started-at="2022-08-06T18:31:01 IST" name="setUP" finished-at="2022-08-06T18:31:06 IST" duration-ms="5370" status="PASS">
          <params>
            <param index="0">
              <value>
                <![CDATA[chrome]]>
              </value>
            </param>
          </params>
          <reporter-output>
          </reporter-output>
        </test-method> <!-- setUP -->
        <test-method signature="logOutFunctionality()[pri:0, instance:com.saucedeom.testclass.TC002VerifyHomepage@7a69b07]" started-at="2022-08-06T18:31:06 IST" name="logOutFunctionality" finished-at="2022-08-06T18:31:07 IST" duration-ms="336" status="PASS">
          <reporter-output>
          </reporter-output>
        </test-method> <!-- logOutFunctionality -->
        <test-method is-config="true" signature="tearDown()[pri:0, instance:com.saucedeom.testclass.TC002VerifyHomepage@7a69b07]" started-at="2022-08-06T18:31:07 IST" name="tearDown" finished-at="2022-08-06T18:31:08 IST" duration-ms="1094" status="PASS">
          <reporter-output>
          </reporter-output>
        </test-method> <!-- tearDown -->
      </class> <!-- com.saucedeom.testclass.TC002VerifyHomepage -->
      <class name="com.saucedeom.testclass.TC003VerifysingleBag">
        <test-method is-config="true" signature="setUP(java.lang.String)[pri:0, instance:com.saucedeom.testclass.TC003VerifysingleBag@49d904ec]" started-at="2022-08-06T18:30:48 IST" name="setUP" finished-at="2022-08-06T18:30:53 IST" duration-ms="5504" status="PASS">
          <params>
            <param index="0">
              <value>
                <![CDATA[chrome]]>
              </value>
            </param>
          </params>
          <reporter-output>
          </reporter-output>
        </test-method> <!-- setUP -->
        <test-method signature="bagProductAddTOCartFunctionality()[pri:0, instance:com.saucedeom.testclass.TC003VerifysingleBag@49d904ec]" started-at="2022-08-06T18:30:53 IST" name="bagProductAddTOCartFunctionality" finished-at="2022-08-06T18:30:54 IST" duration-ms="346" status="PASS">
          <reporter-output>
          </reporter-output>
        </test-method> <!-- bagProductAddTOCartFunctionality -->
        <test-method is-config="true" signature="tearDown()[pri:0, instance:com.saucedeom.testclass.TC003VerifysingleBag@49d904ec]" started-at="2022-08-06T18:30:54 IST" name="tearDown" finished-at="2022-08-06T18:30:55 IST" duration-ms="991" status="PASS">
          <reporter-output>
          </reporter-output>
        </test-method> <!-- tearDown -->
      </class> <!-- com.saucedeom.testclass.TC003VerifysingleBag -->
    </test> <!-- Test -->
  </suite> <!-- Suite -->
</testng-results>
